mode: set
metro-in/internal/common/repository/station_repository.go:19.64,21.2 1 1
metro-in/internal/common/repository/station_repository.go:23.98,26.2 2 0
metro-in/internal/common/repository/subway_line_repository.go:17.70,19.2 1 1
metro-in/internal/common/service/station_service.go:21.58,23.2 1 1
metro-in/internal/common/service/station_service.go:25.84,26.16 1 0
metro-in/internal/common/service/station_service.go:26.16,28.3 1 0
metro-in/internal/common/service/station_service.go:30.2,30.51 1 0
metro-in/internal/common/service/subway_line_service.go:23.64,25.2 1 1
metro-in/internal/common/service/subway_line_service.go:29.83,30.16 1 0
metro-in/internal/common/service/subway_line_service.go:30.17,32.3 0 0
metro-in/internal/common/service/subway_line_service.go:33.2,33.33 1 0
metro-in/internal/common/service/subway_line_service.go:37.85,38.17 1 0
metro-in/internal/common/service/subway_line_service.go:38.18,40.3 0 0
metro-in/internal/common/service/subway_line_service.go:41.2,41.33 1 0
metro-in/internal/common/service/subway_line_service.go:45.93,46.20 1 0
metro-in/internal/common/service/subway_line_service.go:46.21,48.3 0 0
metro-in/internal/common/service/subway_line_service.go:49.2,49.35 1 0
metro-in/internal/common/service/subway_line_service.go:53.99,54.23 1 0
metro-in/internal/common/service/subway_line_service.go:54.24,56.3 0 0
metro-in/internal/common/service/subway_line_service.go:57.2,57.35 1 0
metro-in/internal/common/controller/station_controller.go:21.64,23.2 1 1
metro-in/internal/common/controller/station_controller.go:26.72,29.16 2 1
metro-in/internal/common/controller/station_controller.go:29.16,31.3 1 1
metro-in/internal/common/controller/station_controller.go:33.2,33.26 1 1
metro-in/internal/common/controller/subway_line_controller.go:23.70,25.2 1 1
metro-in/internal/common/controller/subway_line_controller.go:28.61,30.2 1 0
metro-in/internal/common/controller/subway_line_controller.go:33.64,35.2 1 0
metro-in/internal/common/controller/subway_line_controller.go:38.66,40.2 1 0
metro-in/internal/common/controller/subway_line_controller.go:43.67,45.2 1 0
